2025-05-28 20:13:52 {main} {search_pokemon} ==============================
2025-05-28 20:13:52 {main} {search_pokemon} NEW SEARCH SESSION STARTED
2025-05-28 20:13:52 {main} {search_pokemon} ==============================
2025-05-28 20:13:52 {main} {search_pokemon} /poke/search search_pokemon Started for: charizard
2025-05-28 20:13:52 {main} {before_retry_log} API_RETRY attempt #1 for Pokemon API call - Previous attempt failed
2025-05-28 20:13:53 {main} {search_pokemon} /poke/search API_CALL completed in 506.64ms - Status: SUCCESS (after 1 retries)
2025-05-28 20:13:53 {main} {search_pokemon} /poke/search CSV_LOOKUP completed in 2.32ms - Status: SUCCESS
2025-05-28 20:13:53 {main} {search_pokemon} /poke/search IMAGE_SCAN completed in 0.29ms - Status: FOUND_5_IMAGES
2025-05-28 20:13:53 {main} {search_pokemon} /poke/search SUMMARY - Total: 509.56ms | API: 506.64ms | CSV: 2.32ms | IMG: 0.29ms | Retries: 1
2025-05-28 20:13:53 {main} {search_pokemon} ------------------------------
2025-05-28 20:13:53 {main} {search_pokemon} SEARCH SESSION COMPLETED - CHARIZARD - 509.56ms
2025-05-28 20:13:53 {main} {search_pokemon} ------------------------------
2025-05-28 20:17:08 {main} {search_pokemon} ==============================
2025-05-28 20:17:08 {main} {search_pokemon} NEW SEARCH SESSION STARTED
2025-05-28 20:17:08 {main} {search_pokemon} ==============================
2025-05-28 20:17:08 {main} {search_pokemon} /poke/search search_pokemon Started for: charizard
2025-05-28 20:17:08 {main} {before_retry_log} API_RETRY attempt #1 for Pokemon API call - Previous attempt failed
2025-05-28 20:17:09 {main} {search_pokemon} /poke/search API_CALL completed in 492.86ms - Status: SUCCESS (after 1 retries)
2025-05-28 20:17:09 {main} {search_pokemon} /poke/search CSV_LOOKUP completed in 2.24ms - Status: SUCCESS
2025-05-28 20:17:09 {main} {search_pokemon} /poke/search IMAGE_SCAN completed in 0.25ms - Status: FOUND_5_IMAGES
2025-05-28 20:17:09 {main} {search_pokemon} /poke/search SUMMARY - Total: 495.75ms | API: 492.86ms | CSV: 2.24ms | IMG: 0.25ms | Retries: 1
2025-05-28 20:17:09 {main} {search_pokemon} ------------------------------
2025-05-28 20:17:09 {main} {search_pokemon} SEARCH SESSION COMPLETED - CHARIZARD - 495.75ms
2025-05-28 20:17:09 {main} {search_pokemon} ------------------------------
2025-05-28 20:17:27 {main} {search_pokemon} ==============================
2025-05-28 20:17:27 {main} {search_pokemon} NEW SEARCH SESSION STARTED
2025-05-28 20:17:27 {main} {search_pokemon} ==============================
2025-05-28 20:17:27 {main} {search_pokemon} /poke/search search_pokemon Started for: chorizo
2025-05-28 20:17:27 {main} {before_retry_log} API_RETRY attempt #1 for Pokemon API call - Previous attempt failed
2025-05-28 20:17:30 {main} {before_retry_log} API_RETRY attempt #2 for Pokemon API call - Previous attempt failed
2025-05-28 20:17:32 {main} {before_retry_log} API_RETRY attempt #3 for Pokemon API call - Previous attempt failed
2025-05-28 20:17:32 {main} {search_pokemon} /poke/search search_pokemon ERROR after 4921.07ms: RetryError[<Future at 0x1c9be325ba0 state=finished raised HTTPStatusError>]
2025-05-28 20:17:32 {main} {search_pokemon} ------------------------------
2025-05-28 20:17:32 {main} {search_pokemon} SEARCH SESSION FAILED - CHORIZO - 4921.07ms
2025-05-28 20:17:32 {main} {search_pokemon} ------------------------------
2025-05-28 20:45:01 {main} {search_pokemon} ==============================
2025-05-28 20:45:01 {main} {search_pokemon} NEW SEARCH SESSION STARTED
2025-05-28 20:45:01 {main} {search_pokemon} ==============================
2025-05-28 20:45:01 {main} {search_pokemon} /poke/search search_pokemon Started for: charizard
2025-05-28 20:45:01 {main} {before_retry_log} API_RETRY attempt #1 for Pokemon API call - Previous attempt failed
2025-05-28 20:45:01 {main} {search_pokemon} /poke/search API_CALL completed in 658.97ms - Status: SUCCESS (after 1 retries)
2025-05-28 20:45:01 {main} {search_pokemon} /poke/search CSV_LOOKUP completed in 1.85ms - Status: SUCCESS
2025-05-28 20:45:01 {main} {search_pokemon} /poke/search IMAGE_SCAN completed in 0.18ms - Status: FOUND_5_IMAGES
2025-05-28 20:45:01 {main} {search_pokemon} /poke/search SUMMARY - Total: 661.3ms | API: 658.97ms | CSV: 1.85ms | IMG: 0.18ms | Retries: 1
2025-05-28 20:45:01 {main} {search_pokemon} ------------------------------
2025-05-28 20:45:01 {main} {search_pokemon} SEARCH SESSION COMPLETED - CHARIZARD - 661.3ms
2025-05-28 20:45:01 {main} {search_pokemon} ------------------------------
2025-05-29 20:46:49 {main} {search_pokemon} ==============================
2025-05-29 20:46:49 {main} {search_pokemon} NEW SEARCH SESSION STARTED
2025-05-29 20:46:49 {main} {search_pokemon} ==============================
2025-05-29 20:46:49 {main} {search_pokemon} /poke/search search_pokemon Started for: charizard
2025-05-29 20:46:50 {main} {search_pokemon} /poke/search SUMMARY - Total: 1073.23ms
2025-05-29 20:46:50 {main} {search_pokemon} ------------------------------
2025-05-29 20:46:50 {main} {search_pokemon} SEARCH SESSION COMPLETED - CHARIZARD - 1073.23ms
2025-05-29 20:46:50 {main} {search_pokemon} ------------------------------
2025-05-29 20:48:59 {main} {search_pokemon} ==============================
2025-05-29 20:48:59 {main} {search_pokemon} NEW SEARCH SESSION STARTED
2025-05-29 20:48:59 {main} {search_pokemon} ==============================
2025-05-29 20:48:59 {main} {search_pokemon} /poke/search search_pokemon Started for: charizard
2025-05-29 20:49:01 {main} {search_pokemon} /poke/search SUMMARY - Total: 2452.45ms
2025-05-29 20:49:01 {main} {search_pokemon} ------------------------------
2025-05-29 20:49:01 {main} {search_pokemon} SEARCH SESSION COMPLETED - CHARIZARD - 2452.45ms
2025-05-29 20:49:01 {main} {search_pokemon} ------------------------------
